app-root {
}

.refuge-wrapper {
  display: grid;
  grid-auto-columns: 100vw;
  grid-template-rows: 60px auto -webkit-min-content;
  grid-template-rows: 60px auto min-content;
  z-index: 10;
  height: 100%;
}

.refuge-overlay {
  position: absolute;
  display: -webkit-box;
  display: -ms-flexbox;
  display: flex;
  bottom: 40px;
  width: 100%;
}

.refuge-button {
  margin: 0 auto;
  width: auto;
}

@media all and (max-width: 400px) {
  .refuge-button {
    width: 100%;
    margin: 0 8px;
  }
}

@media all and (min-width: 401) {
  .refuge-button {
    width: 400px;
    margin: 0 auto;
  }
}

.button-spinner {
  color: var(--white);
}

.overlay-hidden {
  visibility: hidden;
}