app-root {
  display: grid;
  grid-auto-columns: 100vw;
  grid-template-rows: 60px auto -webkit-min-content;
  grid-template-rows: 60px auto min-content;
  z-index: 10;
  height: 100%;
}

.refuge-overlay {
  position: absolute;
  display: block;
  bottom: 100px;
  left: 0;
  right: 0;
  width: 100%;
  margin: 0 auto;
}

/* 
.location-container {
  position: absolute;
  display: grid;
  grid-template-columns: 8px auto 8px;
  width: 100%;
  bottom: 10%;
  z-index: 50;
}

.location-search {
  grid-column: 2;
}

.copyright,
.copyright a {
  display: block;
  grid-column: 2;
  width: 100%;
  bottom: 16px;
  text-align: center;
  font-size: 12px;
  color: var(--blue-med);
  z-index: 50;
}

.loading {
  -webkit-filter: brightness(0.85);
  filter: brightness(0.95);
} */