refuge-result {
  height: 88px;
  /* padding: 16px 24px 16px 16px; */
  /* Component styles go here */
}

.result-container {
  display: grid;
  grid-template-columns: 48px auto 120px;
  position: relative;
  -ms-flex-line-pack: center;
  align-content: center;
  padding: 16px 0;
  /* border-bottom: 1px solid var(--light-grey); */
}

/* .result-container::after {
  content: "";
  position: absolute;
  width: auto;
  height: 1px;
  left: 48px;
  right: 24px;
  background: var(--light-grey);
  bottom: 0px;
} */

.result-name {
  display: block;
  padding: 0;
  margin: 0;
  width: 100%;
}

.result-address {
  display: block;
  padding: 0;
  margin: 0;
  width: 100%;
  color: var(--dark-grey);
}

.marker {
  height: 24px;
  width: 18px;
}

.result-content {
  padding-left: 16px;
  height: 100%;
}

.left {
  grid-column: 1;
  text-align: center;
  display: -webkit-box;
  display: -ms-flexbox;
  display: flex;
  -webkit-box-align: center;
  -ms-flex-align: center;
  align-items: center;
}

.center {
  grid-column: 2;
  text-align: left;
  display: -webkit-box;
  display: -ms-flexbox;
  display: flex;
  -webkit-box-align: center;
  -ms-flex-align: center;
  align-items: center;
}

.right {
  grid-column: 3;
  display: -webkit-box;
  display: -ms-flexbox;
  display: flex;
  -webkit-box-align: center;
  -ms-flex-align: center;
  align-items: center;
}