refuge-detail {
  position: absolute;
  bottom: 0;
  width: 100%;
  height: 40vh;
  overflow-y: scroll;
  z-index: 999;
  background: var(--white);
  -webkit-transition: height 0.25s;
  transition: height 0.25s;
  -webkit-box-shadow: 0 0 15px rgba(0, 0, 0, 0.16);
  box-shadow: 0 0 15px rgba(0, 0, 0, 0.16);
  border-top: 1px solid var(--med-grey);
  border-radius: 12px 12px 0 0px;
}

.detail-row {
  position: relative;
  display: grid;
  width: 100%;
  grid-template-columns: 48px auto 120px;
  grid-row: 1;
  -ms-flex-line-pack: center;
  align-content: center;
  -webkit-box-align: center;
  -ms-flex-align: center;
  align-items: center;
  padding: 20px 16px 20px 0;
}

.detail-row::after {
  content: "";
  position: absolute;
  width: auto;
  height: 1px;
  left: 48px;
  right: 24px;
  background-color: #000000;
  bottom: 1px;
}

.detail-name {
  display: block;
  padding: 0;
  margin: 0;
}

.detail-address {
  display: block;
  padding: 0;
  margin: 0;
  color: var(--dark-grey);
}

.detail-left {
  grid-column: 1;
  text-align: center;
}

.detail-center {
  grid-column: 2;
  text-align: left;
  padding-right: 16px;
}

.detail-right {
  grid-column: 3;
}