refuge-prediction {
  height: 88px;
  /* padding: 16px 24px 16px 16px; */
  /* Component styles go here */
}

.prediction-container {
  display: -webkit-box;
  display: -ms-flexbox;
  display: flex;
  position: relative;
  -webkit-box-align: center;
  -ms-flex-align: center;
  align-items: center;
  -ms-flex-line-pack: center;
  align-content: center;
  padding: 16px 24px 16px 16px;
  background: none;
}

.prediction-container::after {
  content: "";
  position: absolute;
  width: auto;
  height: 10px;
  left: 48px;
  right: 24px;
  background: var(--light-grey);
  bottom: 1px;
}

.prediction-content {
  padding-left: 16px;
  height: 100%;
}