refuge-results {
  grid-row: 3;
  width: 100%;
  height: 40vh;
  background: var(--white);
  overflow-y: scroll;
  -webkit-transform: translateY(-100%);
  transform: translateY(-100%);
  -webkit-overflow-scrolling: touch;
}

.refuge-results {
  position: relative;
  -webkit-transition: -webkit-transform 0.15s;
  transition: -webkit-transform 0.15s;
  transition: transform 0.15s;
  transition: transform 0.15s, -webkit-transform 0.15s;
  height: 0px;
}

.results-open {
  -webkit-transition: -webkit-transform 0.25s;
  transition: -webkit-transform 0.25s;
  transition: transform 0.25s;
  transition: transform 0.25s, -webkit-transform 0.25s;
  -webkit-transform: none;
  transform: none;
}