refuge-result {
  height: 88px;
  /* padding: 16px 24px 16px 16px; */
  /* Component styles go here */
}

.result-container {
  display: -webkit-box;
  display: -ms-flexbox;
  display: flex;
  position: relative;
  -ms-flex-line-pack: center;
  align-content: center;
  padding: 32px 16px 32px 16px;
  /* border-bottom: 1px solid var(--light-grey); */
}

.result-container::after {
  content: "";
  position: absolute;
  width: auto;
  height: 1px;
  left: 48px;
  right: 24px;
  background: var(--light-grey);
  bottom: 0px;
}

.result-name {
  display: block;
  padding: none;
  margin: none;
}

.result-address {
  color: var(--dark-grey);
  display: block;
  padding: none;
  margin: none;
}

.marker {
  height: 24px;
  width: 18px;
  -ms-flex-item-align: center;
  align-self: center;
}

.result-content {
  padding-left: 16px;
  height: 100%;
}

.left {
  margin-left: 16px;
  text-align: left;
  display: -webkit-box;
  display: -ms-flexbox;
  display: flex;
  -webkit-box-align: center;
  -ms-flex-align: center;
  align-items: center;
}

.right {
  position: absolute;
  right: 0;
  margin-right: 24px;
  text-align: right;
  display: -webkit-box;
  display: -ms-flexbox;
  display: flex;
  -webkit-box-align: center;
  -ms-flex-align: center;
  align-items: center;
}