refuge-result {
  display: grid;
  grid-template-columns: 48px auto 120px;
  height: 88px;
  /* padding: 16px 24px 16px 16px; */
  /* Component styles go here */
}

.result-container {
  padding: 16px 0;
  height: 100%;
  /* border-bottom: 1px solid var(--light-grey); */
}
/* 
.result-container::after {
  content: "";
  position: absolute;
  width: auto;
  height: 1px;
  left: 48px;
  right: 24px;
  background: var(--light-grey);
  bottom: 0px;
} */

.result-name {
  display: block;
  padding: 0;
  margin: 0;
}

.result-address {
  display: block;
  padding: 0;
  margin: 0;
  color: var(--dark-grey);
}

.marker {
  height: 24px;
  width: 18px;
}

.left {
  grid-column: 1;
  text-align: center;
}

.center {
  grid-column: 2;
  text-align: left;
}

.right {
  grid-column: 3;
}