refuge-filter {
  /* width: 100%; */
  display: block;
  background: var(--blue-med);
  /* transition: all 0.25s; */
  border-top: 1px solid var(--blue-dark);
  z-index: 900;
  position: -webkit-sticky;
  position: sticky;
  top: 0;
  /* Component styles go here */
}

.refuge-filter {
  display: -webkit-box;
  display: -ms-flexbox;
  display: flex;
  -webkit-box-pack: justify;
  -ms-flex-pack: justify;
  justify-content: space-between;
  -webkit-box-align: center;
  -ms-flex-align: center;
  align-items: center;
  width: 100%;
  height: auto;
  padding: 12px 0 12px 16px;
}

.filter-icon {
  cursor: pointer;
  display: inline;
  color: var(--white);
  -ms-flex-item-align: center;
  align-self: center;
}

.inactive {
  color: var(--dark-blue);
}

.filter {
  display: inline;
  color: var(--white);
}

.left {
  text-align: left;
  display: -webkit-box;
  display: -ms-flexbox;
  display: flex;
  -webkit-box-align: center;
  -ms-flex-align: center;
  align-items: center;
}

.right {
  margin-right: 12px;
  text-align: right;
  display: -webkit-box;
  display: -ms-flexbox;
  display: flex;
  -webkit-box-align: center;
  -ms-flex-align: center;
  align-items: center;
}

.hidden {
  height: 0;
  padding: 0 0 0 0;
  -webkit-transition: all 0.25s;
  transition: all 0.25s;
  overflow: hidden;
}