app-root {
}

.refuge-wrapper {
  display: grid;
  grid-auto-columns: 100vw;
  grid-template-rows: 60px auto -webkit-min-content;
  grid-template-rows: 60px auto min-content;
  z-index: 10;
  height: 100%;
}

.refuge-overlay {
  position: absolute;
  display: -webkit-box;
  display: -ms-flexbox;
  display: flex;
  bottom: 40px;
  width: 100%;
}

.refuge-button {
  margin: 0 auto;
  /* width: 100%; */
}

@media (max-width: 320px) {
  .refuge-button {
    width: 100%;
  }
}

@media (min-width: 321px) {
  .refuge-button {
    width: 100%;
  }
}

.button-spinner {
  color: var(--white);
}

.overlay-hidden {
  visibility: hidden;
}