var __generator = (this && this.__generator) || function (thisArg, body) {
    var _ = { label: 0, sent: function() { if (t[0] & 1) throw t[1]; return t[1]; }, trys: [], ops: [] }, f, y, t, g;
    return g = { next: verb(0), "throw": verb(1), "return": verb(2) }, typeof Symbol === "function" && (g[Symbol.iterator] = function() { return this; }), g;
    function verb(n) { return function (v) { return step([n, v]); }; }
    function step(op) {
        if (f) throw new TypeError("Generator is already executing.");
        while (_) try {
            if (f = 1, y && (t = op[0] & 2 ? y["return"] : op[0] ? y["throw"] || ((t = y["return"]) && t.call(y), 0) : y.next) && !(t = t.call(y, op[1])).done) return t;
            if (y = 0, t) op = [op[0] & 2, t.value];
            switch (op[0]) {
                case 0: case 1: t = op; break;
                case 4: _.label++; return { value: op[1], done: false };
                case 5: _.label++; y = op[1]; op = [0]; continue;
                case 7: op = _.ops.pop(); _.trys.pop(); continue;
                default:
                    if (!(t = _.trys, t = t.length > 0 && t[t.length - 1]) && (op[0] === 6 || op[0] === 2)) { _ = 0; continue; }
                    if (op[0] === 3 && (!t || (op[1] > t[0] && op[1] < t[3]))) { _.label = op[1]; break; }
                    if (op[0] === 6 && _.label < t[1]) { _.label = t[1]; t = op; break; }
                    if (t && _.label < t[2]) { _.label = t[2]; _.ops.push(op); break; }
                    if (t[2]) _.ops.pop();
                    _.trys.pop(); continue;
            }
            op = body.call(thisArg, _);
        } catch (e) { op = [6, e]; y = 0; } finally { f = t = 0; }
        if (op[0] & 5) throw op[1]; return { value: op[0] ? op[1] : void 0, done: true };
    }
};
/*! Built with http://stenciljs.com */
App.loadBundle("chunk-c1620ff6.js", ["exports"], function (e) { window.App.h; var t, n = "undefined" != typeof window ? window : "undefined" != typeof global ? global : "undefined" != typeof self ? self : {}; function o(e, t) { return e(t = { exports: {} }, t.exports), t.exports; } (t = e.TypeKeys || (e.TypeKeys = {})).NULL = "NULL", t.ERROR = "ERROR", t.SET_GOOGLE_SERVICES = "SET_GOOGLE_SERVICES", t.SET_RESULTS_FILTER = "SET_RESULTS_FILTER", t.SET_RESULTS = "SET_RESULTS", t.SET_MARKERS = "SET_MARKERS", t.SET_PREDICTIONS = "SET_PREDICTIONS", t.SET_USER_LOCATION = "SET_USER_LOCATION", t.SET_FOCUSED_RESULT = "SET_FOCUSED_RESULT", t.SET_SELECTED_RESULT = "SET_SELECTED_RESULT", t.SET_LOADING = "SET_LOADING"; var E = function (e, t, n, o) { return new (n || (n = Promise))(function (E, i) { function r(e) { try {
    s(o.next(e));
}
catch (e) {
    i(e);
} } function S(e) { try {
    s(o.throw(e));
}
catch (e) {
    i(e);
} } function s(e) { e.done ? E(e.value) : new n(function (t) { t(e.value); }).then(r, S); } s((o = o.apply(e, t || [])).next()); }); }, i = o(function (e) { !function () { var t = {}.hasOwnProperty; function n() { for (var e = [], o = 0; o < arguments.length; o++) {
    var E = arguments[o];
    if (E) {
        var i = typeof E;
        if ("string" === i || "number" === i)
            e.push(E);
        else if (Array.isArray(E) && E.length) {
            var r = n.apply(null, E);
            r && e.push(r);
        }
        else if ("object" === i)
            for (var S in E)
                t.call(E, S) && E[S] && e.push(S);
    }
} return e.join(" "); } e.exports ? (n.default = n, e.exports = n) : window.classNames = n; }(); }); e.commonjsGlobal = n, e.unwrapExports = function (e) { return e && e.__esModule && Object.prototype.hasOwnProperty.call(e, "default") ? e.default : e; }, e.createCommonjsModule = o, e.setResults = (function (t) {
    if (t === void 0) { t = []; }
    return function (n, o) { return E(void 0, void 0, void 0, function () { return __generator(this, function (_a) {
        return [2 /*return*/, n({ type: e.TypeKeys.SET_RESULTS, results: t })];
    }); }); };
}), e.setMarkers = (function (t) {
    if (t === void 0) { t = []; }
    return function (n, o) { return E(void 0, void 0, void 0, function () { return __generator(this, function (_a) {
        return [2 /*return*/, n({ type: e.TypeKeys.SET_MARKERS, markers: t })];
    }); }); };
}), e.setUserLocation = (function (t) { return function (n, o) { return E(void 0, void 0, void 0, function () { return __generator(this, function (_a) {
    return [2 /*return*/, n({ type: e.TypeKeys.SET_USER_LOCATION, location: t })];
}); }); }; }), e.setFocusedResult = (function (t) { return function (n, o) { return E(void 0, void 0, void 0, function () { return __generator(this, function (_a) {
    return [2 /*return*/, n({ type: e.TypeKeys.SET_FOCUSED_RESULT, focused: t })];
}); }); }; }), e.setSelectedResult = (function (t) { return function (n, o) { return E(void 0, void 0, void 0, function () { return __generator(this, function (_a) {
    return [2 /*return*/, n({ type: e.TypeKeys.SET_SELECTED_RESULT, selected: t })];
}); }); }; }), e.setLoading = (function (t) { return function (n, o) { return E(void 0, void 0, void 0, function () { return __generator(this, function (_a) {
    return [2 /*return*/, n({ type: e.TypeKeys.SET_LOADING, loading: t })];
}); }); }; }), e.setResultsFilter = (function (t) { return function (n, o) { return E(void 0, void 0, void 0, function () { return __generator(this, function (_a) {
    return [2 /*return*/, n({ type: e.TypeKeys.SET_RESULTS_FILTER, change: t })];
}); }); }; }), e.classnames = i, e.setPredictions = (function (t) {
    if (t === void 0) { t = []; }
    return function (n, o) { return E(void 0, void 0, void 0, function () { return __generator(this, function (_a) {
        return [2 /*return*/, n({ type: e.TypeKeys.SET_PREDICTIONS, predictions: t })];
    }); }); };
}); });
